<?xml version="1.0" encoding="UTF-8"?>
<coverage generated="1764537012995" clover="3.2.0">
  <project timestamp="1764537012995" name="All files">
    <metrics statements="35" coveredstatements="29" conditionals="42" coveredconditionals="15" methods="12" coveredmethods="8" elements="89" coveredelements="52" complexity="0" loc="35" ncloc="35" packages="3" files="4" classes="4"/>
    <package name="src">
      <metrics statements="3" coveredstatements="3" conditionals="2" coveredconditionals="1" methods="1" coveredmethods="1"/>
      <file name="App.jsx" path="D:/projects/recipe-app/client/src/App.jsx">
        <metrics statements="3" coveredstatements="3" conditionals="2" coveredconditionals="1" methods="1" coveredmethods="1"/>
        <line num="5" count="2" type="cond" truecount="1" falsecount="1"/>
        <line num="7" count="1" type="stmt"/>
        <line num="9" count="1" type="stmt"/>
      </file>
    </package>
    <package name="src.components.ui">
      <metrics statements="30" coveredstatements="24" conditionals="40" coveredconditionals="14" methods="9" coveredmethods="5"/>
      <file name="color-mode.jsx" path="D:/projects/recipe-app/client/src/components/ui/color-mode.jsx">
        <metrics statements="27" coveredstatements="21" conditionals="38" coveredconditionals="13" methods="8" coveredmethods="4"/>
        <line num="9" count="1" type="cond" truecount="1" falsecount="1"/>
        <line num="11" count="2" type="stmt"/>
        <line num="15" count="2" type="stmt"/>
        <line num="16" count="2" type="stmt"/>
        <line num="17" count="2" type="cond" truecount="4" falsecount="2"/>
        <line num="18" count="2" type="stmt"/>
        <line num="19" count="0" type="cond" truecount="0" falsecount="2"/>
        <line num="20" count="6" type="cond" truecount="2" falsecount="3"/>
        <line num="21" count="2" type="stmt"/>
        <line num="25" count="8" type="stmt"/>
        <line num="29" count="0" type="stmt"/>
        <line num="33" count="1" type="stmt"/>
        <line num="34" count="1" type="cond" truecount="1" falsecount="1"/>
        <line num="35" count="2" type="cond" truecount="1" falsecount="1"/>
        <line num="38" count="1" type="stmt"/>
        <line num="39" count="1" type="stmt"/>
        <line num="40" count="1" type="cond" truecount="1" falsecount="1"/>
        <line num="42" count="1" type="cond" truecount="1" falsecount="1"/>
        <line num="50" count="1" type="stmt"/>
        <line num="57" count="2" type="cond" truecount="2" falsecount="3"/>
        <line num="59" count="4" type="stmt"/>
        <line num="64" count="1" type="cond" truecount="0" falsecount="4"/>
        <line num="66" count="0" type="stmt"/>
        <line num="74" count="0" type="stmt"/>
        <line num="78" count="1" type="cond" truecount="0" falsecount="4"/>
        <line num="80" count="0" type="stmt"/>
        <line num="88" count="0" type="stmt"/>
      </file>
      <file name="provider.jsx" path="D:/projects/recipe-app/client/src/components/ui/provider.jsx">
        <metrics statements="3" coveredstatements="3" conditionals="2" coveredconditionals="1" methods="1" coveredmethods="1"/>
        <line num="6" count="1" type="cond" truecount="1" falsecount="1"/>
        <line num="8" count="1" type="stmt"/>
        <line num="10" count="2" type="stmt"/>
      </file>
    </package>
    <package name="test-utils">
      <metrics statements="2" coveredstatements="2" conditionals="0" coveredconditionals="0" methods="2" coveredmethods="2"/>
      <file name="render.jsx" path="D:/projects/recipe-app/client/test-utils/render.jsx">
        <metrics statements="2" coveredstatements="2" conditionals="0" coveredconditionals="0" methods="2" coveredmethods="2"/>
        <line num="5" count="1" type="stmt"/>
        <line num="7" count="1" type="stmt"/>
      </file>
    </package>
  </project>
</coverage>
