{"D:/projects/recipe-app/client/src/App.jsx": {"path":"D:/projects/recipe-app/client/src/App.jsx","statementMap":{"0":{"start":{"line":5,"column":12},"end":{"line":9,"column":null}},"1":{"start":{"line":5,"column":12},"end":{"line":5,"column":null}},"2":{"start":{"line":7,"column":3},"end":{"line":8,"column":null}},"3":{"start":{"line":9,"column":6},"end":{"line":9,"column":null}},"4":{"start":{"line":9,"column":6},"end":{"line":7,"column":null}}},"fnMap":{"0":{"name":"(anonymous_0)","decl":{"start":{"line":5,"column":12},"end":{"line":5,"column":null}},"loc":{"start":{"line":5,"column":12},"end":{"line":9,"column":null}}}},"branchMap":{"0":{"loc":{"start":{"line":5,"column":12},"end":{"line":9,"column":null}},"type":"if","locations":[{"start":{"line":5,"column":12},"end":{"line":9,"column":null}},{"start":{"line":9,"column":6},"end":{"line":9,"column":null}}]}},"s":{"0":2,"1":1,"2":1,"3":1,"4":1},"f":{"0":1},"b":{"0":[1,0]}}
,"D:/projects/recipe-app/client/src/components/ui/color-mode.jsx": {"path":"D:/projects/recipe-app/client/src/components/ui/color-mode.jsx","statementMap":{"0":{"start":{"line":9,"column":7},"end":{"line":9,"column":null}},"1":{"start":{"line":9,"column":7},"end":{"line":11,"column":null}},"2":{"start":{"line":11,"column":4},"end":{"line":11,"column":76}},"3":{"start":{"line":11,"column":76},"end":{"line":11,"column":null}},"4":{"start":{"line":11,"column":76},"end":{"line":11,"column":5}},"5":{"start":{"line":15,"column":7},"end":{"line":15,"column":null}},"6":{"start":{"line":16,"column":51},"end":{"line":16,"column":null}},"7":{"start":{"line":17,"column":20},"end":{"line":17,"column":48}},"8":{"start":{"line":17,"column":48},"end":{"line":20,"column":null}},"9":{"start":{"line":18,"column":26},"end":{"line":19,"column":null}},"10":{"start":{"line":19,"column":4},"end":{"line":19,"column":57}},"11":{"start":{"line":20,"column":3},"end":{"line":20,"column":null}},"12":{"start":{"line":18,"column":26},"end":{"line":18,"column":null}},"13":{"start":{"line":20,"column":3},"end":{"line":25,"column":null}},"14":{"start":{"line":21,"column":9},"end":{"line":25,"column":3}},"15":{"start":{"line":25,"column":3},"end":{"line":25,"column":null}},"16":{"start":{"line":25,"column":3},"end":{"line":21,"column":null}},"17":{"start":{"line":29,"column":24},"end":{"line":29,"column":38}},"18":{"start":{"line":29,"column":38},"end":{"line":30,"column":23}},"19":{"start":{"line":33,"column":7},"end":{"line":33,"column":null}},"20":{"start":{"line":34,"column":24},"end":{"line":34,"column":38}},"21":{"start":{"line":34,"column":38},"end":{"line":35,"column":null}},"22":{"start":{"line":35,"column":9},"end":{"line":35,"column":54}},"23":{"start":{"line":35,"column":54},"end":{"line":35,"column":null}},"24":{"start":{"line":35,"column":54},"end":{"line":35,"column":23}},"25":{"start":{"line":38,"column":31},"end":{"line":62,"column":null}},"26":{"start":{"line":39,"column":2},"end":{"line":39,"column":null}},"27":{"start":{"line":40,"column":32},"end":{"line":40,"column":46}},"28":{"start":{"line":40,"column":46},"end":{"line":42,"column":null}},"29":{"start":{"line":42,"column":28},"end":{"line":42,"column":52}},"30":{"start":{"line":42,"column":52},"end":{"line":42,"column":null}},"31":{"start":{"line":42,"column":52},"end":{"line":57,"column":null}},"32":{"start":{"line":50,"column":15},"end":{"line":55,"column":null}},"33":{"start":{"line":57,"column":10},"end":{"line":57,"column":27}},"34":{"start":{"line":57,"column":27},"end":{"line":57,"column":null}},"35":{"start":{"line":57,"column":27},"end":{"line":59,"column":null}},"36":{"start":{"line":42,"column":6},"end":{"line":59,"column":19}},"37":{"start":{"line":59,"column":19},"end":{"line":59,"column":null}},"38":{"start":{"line":59,"column":19},"end":{"line":42,"column":7}},"39":{"start":{"line":64,"column":25},"end":{"line":76,"column":null}},"40":{"start":{"line":64,"column":42},"end":{"line":64,"column":null}},"41":{"start":{"line":64,"column":42},"end":{"line":74,"column":null}},"42":{"start":{"line":66,"column":4},"end":{"line":73,"column":null}},"43":{"start":{"line":74,"column":6},"end":{"line":74,"column":null}},"44":{"start":{"line":74,"column":6},"end":{"line":66,"column":5}},"45":{"start":{"line":78,"column":24},"end":{"line":90,"column":null}},"46":{"start":{"line":78,"column":41},"end":{"line":78,"column":null}},"47":{"start":{"line":78,"column":41},"end":{"line":88,"column":null}},"48":{"start":{"line":80,"column":4},"end":{"line":87,"column":null}},"49":{"start":{"line":88,"column":6},"end":{"line":88,"column":null}},"50":{"start":{"line":88,"column":6},"end":{"line":80,"column":5}}},"fnMap":{"0":{"name":"ColorModeProvider","decl":{"start":{"line":9,"column":7},"end":{"line":9,"column":null}},"loc":{"start":{"line":9,"column":7},"end":{"line":11,"column":null}}},"1":{"name":"useColorMode","decl":{"start":{"line":15,"column":7},"end":{"line":15,"column":null}},"loc":{"start":{"line":15,"column":7},"end":{"line":25,"column":null}}},"2":{"name":"(anonymous_2)","decl":{"start":{"line":18,"column":26},"end":{"line":18,"column":null}},"loc":{"start":{"line":18,"column":26},"end":{"line":19,"column":null}}},"3":{"name":"useColorModeValue","decl":{"start":{"line":28,"column":7},"end":{"line":28,"column":null}},"loc":{"start":{"line":28,"column":7},"end":{"line":30,"column":null}}},"4":{"name":"ColorModeIcon","decl":{"start":{"line":33,"column":7},"end":{"line":33,"column":null}},"loc":{"start":{"line":33,"column":7},"end":{"line":35,"column":null}}},"5":{"name":"ColorModeButton2","decl":{"start":{"line":39,"column":2},"end":{"line":39,"column":null}},"loc":{"start":{"line":39,"column":2},"end":{"line":59,"column":null}}},"6":{"name":"LightMode2","decl":{"start":{"line":64,"column":42},"end":{"line":64,"column":null}},"loc":{"start":{"line":64,"column":42},"end":{"line":74,"column":null}}},"7":{"name":"DarkMode2","decl":{"start":{"line":78,"column":41},"end":{"line":78,"column":null}},"loc":{"start":{"line":78,"column":41},"end":{"line":88,"column":null}}}},"branchMap":{"0":{"loc":{"start":{"line":9,"column":7},"end":{"line":11,"column":null}},"type":"if","locations":[{"start":{"line":9,"column":7},"end":{"line":11,"column":null}},{"start":{"line":11,"column":76},"end":{"line":11,"column":null}}]},"1":{"loc":{"start":{"line":17,"column":20},"end":{"line":17,"column":48}},"type":"binary-expr","locations":[{"start":{"line":17,"column":20},"end":{"line":17,"column":48}},{"start":{"line":17,"column":20},"end":{"line":17,"column":48}}]},"2":{"loc":{"start":{"line":17,"column":48},"end":{"line":20,"column":null}},"type":"if","locations":[{"start":{"line":17,"column":48},"end":{"line":20,"column":null}},{"start":{"line":20,"column":3},"end":{"line":20,"column":null}}]},"3":{"loc":{"start":{"line":17,"column":48},"end":{"line":17,"column":null}},"type":"binary-expr","locations":[{"start":{"line":17,"column":48},"end":{"line":17,"column":null}},{"start":{"line":17,"column":48},"end":{"line":17,"column":null}}]},"4":{"loc":{"start":{"line":19,"column":13},"end":{"line":19,"column":31}},"type":"cond-expr","locations":[{"start":{"line":19,"column":13},"end":{"line":19,"column":31}},{"start":{"line":19,"column":13},"end":{"line":19,"column":31}}]},"5":{"loc":{"start":{"line":20,"column":3},"end":{"line":25,"column":null}},"type":"if","locations":[{"start":{"line":20,"column":3},"end":{"line":25,"column":null}},{"start":{"line":25,"column":3},"end":{"line":25,"column":null}}]},"6":{"loc":{"start":{"line":20,"column":3},"end":{"line":20,"column":null}},"type":"binary-expr","locations":[{"start":{"line":20,"column":3},"end":{"line":20,"column":null}},{"start":{"line":20,"column":3},"end":{"line":20,"column":null}},{"start":{"line":20,"column":3},"end":{"line":20,"column":null}}]},"7":{"loc":{"start":{"line":30,"column":9},"end":{"line":30,"column":23}},"type":"cond-expr","locations":[{"start":{"line":30,"column":9},"end":{"line":30,"column":23}},{"start":{"line":30,"column":9},"end":{"line":30,"column":23}}]},"8":{"loc":{"start":{"line":34,"column":38},"end":{"line":35,"column":null}},"type":"if","locations":[{"start":{"line":34,"column":38},"end":{"line":35,"column":null}},{"start":{"line":35,"column":54},"end":{"line":35,"column":null}}]},"9":{"loc":{"start":{"line":35,"column":9},"end":{"line":35,"column":54}},"type":"cond-expr","locations":[{"start":{"line":35,"column":32},"end":{"line":35,"column":45}},{"start":{"line":35,"column":45},"end":{"line":35,"column":54}}]},"10":{"loc":{"start":{"line":40,"column":46},"end":{"line":42,"column":null}},"type":"if","locations":[{"start":{"line":40,"column":46},"end":{"line":42,"column":null}},{"start":{"line":42,"column":52},"end":{"line":42,"column":null}}]},"11":{"loc":{"start":{"line":42,"column":52},"end":{"line":57,"column":null}},"type":"if","locations":[{"start":{"line":42,"column":52},"end":{"line":57,"column":null}},{"start":{"line":57,"column":27},"end":{"line":57,"column":null}}]},"12":{"loc":{"start":{"line":57,"column":27},"end":{"line":59,"column":null}},"type":"if","locations":[{"start":{"line":57,"column":27},"end":{"line":59,"column":null}},{"start":{"line":59,"column":19},"end":{"line":59,"column":null}}]},"13":{"loc":{"start":{"line":57,"column":27},"end":{"line":57,"column":null}},"type":"binary-expr","locations":[{"start":{"line":57,"column":27},"end":{"line":57,"column":null}},{"start":{"line":57,"column":27},"end":{"line":57,"column":null}},{"start":{"line":57,"column":27},"end":{"line":57,"column":null}}]},"14":{"loc":{"start":{"line":64,"column":42},"end":{"line":74,"column":null}},"type":"if","locations":[{"start":{"line":64,"column":42},"end":{"line":74,"column":null}},{"start":{"line":74,"column":6},"end":{"line":74,"column":null}}]},"15":{"loc":{"start":{"line":64,"column":42},"end":{"line":64,"column":null}},"type":"binary-expr","locations":[{"start":{"line":64,"column":42},"end":{"line":64,"column":null}},{"start":{"line":64,"column":42},"end":{"line":64,"column":null}}]},"16":{"loc":{"start":{"line":78,"column":41},"end":{"line":88,"column":null}},"type":"if","locations":[{"start":{"line":78,"column":41},"end":{"line":88,"column":null}},{"start":{"line":88,"column":6},"end":{"line":88,"column":null}}]},"17":{"loc":{"start":{"line":78,"column":41},"end":{"line":78,"column":null}},"type":"binary-expr","locations":[{"start":{"line":78,"column":41},"end":{"line":78,"column":null}},{"start":{"line":78,"column":41},"end":{"line":78,"column":null}}]}},"s":{"0":1,"1":1,"2":1,"3":2,"4":1,"5":2,"6":2,"7":2,"8":2,"9":2,"10":0,"11":6,"12":2,"13":2,"14":2,"15":8,"16":2,"17":0,"18":0,"19":1,"20":1,"21":1,"22":1,"23":2,"24":1,"25":1,"26":1,"27":1,"28":1,"29":1,"30":1,"31":1,"32":1,"33":1,"34":2,"35":1,"36":1,"37":4,"38":1,"39":1,"40":0,"41":0,"42":0,"43":0,"44":0,"45":1,"46":0,"47":0,"48":0,"49":0,"50":0},"f":{"0":1,"1":2,"2":0,"3":0,"4":1,"5":1,"6":0,"7":0},"b":{"0":[1,0],"1":[2,2],"2":[2,0],"3":[2,0],"4":[0,0],"5":[2,0],"6":[2,0,0],"7":[0,0],"8":[1,0],"9":[0,1],"10":[1,0],"11":[1,0],"12":[1,0],"13":[1,0,0],"14":[0,0],"15":[0,0],"16":[0,0],"17":[0,0]}}
,"D:/projects/recipe-app/client/src/components/ui/provider.jsx": {"path":"D:/projects/recipe-app/client/src/components/ui/provider.jsx","statementMap":{"0":{"start":{"line":6,"column":7},"end":{"line":6,"column":null}},"1":{"start":{"line":6,"column":7},"end":{"line":10,"column":null}},"2":{"start":{"line":8,"column":4},"end":{"line":10,"column":21}},"3":{"start":{"line":10,"column":21},"end":{"line":10,"column":null}},"4":{"start":{"line":10,"column":21},"end":{"line":8,"column":5}}},"fnMap":{"0":{"name":"Provider","decl":{"start":{"line":6,"column":7},"end":{"line":6,"column":null}},"loc":{"start":{"line":6,"column":7},"end":{"line":10,"column":null}}}},"branchMap":{"0":{"loc":{"start":{"line":6,"column":7},"end":{"line":10,"column":null}},"type":"if","locations":[{"start":{"line":6,"column":7},"end":{"line":10,"column":null}},{"start":{"line":10,"column":21},"end":{"line":10,"column":null}}]}},"s":{"0":1,"1":1,"2":1,"3":2,"4":1},"f":{"0":1},"b":{"0":[1,0]}}
,"D:/projects/recipe-app/client/test-utils/render.jsx": {"path":"D:/projects/recipe-app/client/test-utils/render.jsx","statementMap":{"0":{"start":{"line":5,"column":2},"end":{"line":9,"column":null}},"1":{"start":{"line":7,"column":6},"end":{"line":7,"column":null}}},"fnMap":{"0":{"name":"render","decl":{"start":{"line":4,"column":16},"end":{"line":4,"column":23}},"loc":{"start":{"line":4,"column":27},"end":{"line":10,"column":null}}},"1":{"name":"(anonymous_1)","decl":{"start":{"line":6,"column":14},"end":{"line":6,"column":null}},"loc":{"start":{"line":7,"column":6},"end":{"line":7,"column":null}}}},"branchMap":{},"s":{"0":1,"1":1},"f":{"0":1,"1":1},"b":{}}
}
